app/build/intermediates/manifest_merge_blame_file/debug/processDebugMainManifest/manifest-merger-blame-debug-report.txt
1<?xml version="1.0" encoding="utf-8"?>
2<manifest xmlns:android="http://schemas.android.com/apk/res/android"
3    package="com.statusbarmod.hook"
4    android:versionCode="2"
5    android:versionName="2.0" >
6
7    <uses-sdk
8        android:minSdkVersion="29"
9        android:targetSdkVersion="35" />
10
11    <application
11-->src\main\AndroidManifest.xml:3:5-26:19
12        android:allowBackup="false"
12-->src\main\AndroidManifest.xml:6:9-36
13        android:debuggable="true"
14        android:extractNativeLibs="false"
15        android:icon="@mipmap/ic_launcher"
15-->src\main\AndroidManifest.xml:5:9-43
16        android:label="@string/app_name"
16-->src\main\AndroidManifest.xml:4:9-41
17        android:theme="@style/AppTheme" >
17-->src\main\AndroidManifest.xml:7:9-40
18        <meta-data
18-->src\main\AndroidManifest.xml:9:9-76
19            android:name="xposedmodule"
19-->src\main\AndroidManifest.xml:9:20-47
20            android:value="true" />
20-->src\main\AndroidManifest.xml:9:53-73
21        <meta-data
21-->src\main\AndroidManifest.xml:10:9-74
22            android:name="xposedminversion"
22-->src\main\AndroidManifest.xml:10:20-51
23            android:value="93" />
23-->src\main\AndroidManifest.xml:10:53-71
24        <meta-data
24-->src\main\AndroidManifest.xml:11:9-127
25            android:name="xposeddescription"
25-->src\main\AndroidManifest.xml:11:20-52
26            android:value="Simula señal, operador y tipo de red en móviles sin SIM" />
26-->src\main\AndroidManifest.xml:11:53-124
27        <meta-data
27-->src\main\AndroidManifest.xml:13:9-15:54
28            android:name="xposedscope"
28-->src\main\AndroidManifest.xml:14:13-39
29            android:resource="@array/xposed_scope" />
29-->src\main\AndroidManifest.xml:15:13-51
30
31        <activity
31-->src\main\AndroidManifest.xml:17:9-25:20
32            android:name="com.statusbarmod.hook.ui.SettingsActivity"
32-->src\main\AndroidManifest.xml:18:13-48
33            android:exported="true"
33-->src\main\AndroidManifest.xml:20:13-36
34            android:label="@string/app_name" >
34-->src\main\AndroidManifest.xml:19:13-45
35            <intent-filter>
35-->src\main\AndroidManifest.xml:21:13-24:29
36                <action android:name="android.intent.action.MAIN" />
36-->src\main\AndroidManifest.xml:22:17-69
36-->src\main\AndroidManifest.xml:22:25-66
37
38                <category android:name="android.intent.category.LAUNCHER" />
38-->src\main\AndroidManifest.xml:23:17-77
38-->src\main\AndroidManifest.xml:23:27-74
39            </intent-filter>
40        </activity>
41    </application>
42
43</manifest>